<?xml version="1.0" encoding="UTF-8"?>
<coverage generated="1583442866592" clover="3.2.0">
  <project timestamp="1583442866592" name="All files">
    <metrics statements="93" coveredstatements="93" conditionals="29" coveredconditionals="27" methods="35" coveredmethods="35" elements="157" coveredelements="155" complexity="0" loc="93" ncloc="93" packages="2" files="5" classes="5"/>
    <package name="src">
      <metrics statements="88" coveredstatements="88" conditionals="28" coveredconditionals="26" methods="32" coveredmethods="32"/>
      <file name="context.ts" path="/Users/a.winogrodzki/projects/lostore/src/context.ts">
        <metrics statements="4" coveredstatements="4" conditionals="0" coveredconditionals="0" methods="2" coveredmethods="2"/>
        <line num="1" count="2" type="stmt"/>
        <line num="4" count="2" type="stmt"/>
        <line num="5" count="10" type="stmt"/>
        <line num="8" count="1" type="stmt"/>
      </file>
      <file name="index.tsx" path="/Users/a.winogrodzki/projects/lostore/src/index.tsx">
        <metrics statements="40" coveredstatements="40" conditionals="8" coveredconditionals="6" methods="18" coveredmethods="18"/>
        <line num="1" count="1" type="stmt"/>
        <line num="13" count="1" type="stmt"/>
        <line num="14" count="1" type="stmt"/>
        <line num="16" count="1" type="stmt"/>
        <line num="20" count="46" type="stmt"/>
        <line num="21" count="17" type="stmt"/>
        <line num="23" count="17" type="cond" truecount="2" falsecount="0"/>
        <line num="24" count="2" type="stmt"/>
        <line num="25" count="2" type="stmt"/>
        <line num="29" count="15" type="stmt"/>
        <line num="30" count="15" type="stmt"/>
        <line num="34" count="1" type="stmt"/>
        <line num="40" count="25" type="cond" truecount="2" falsecount="0"/>
        <line num="41" count="15" type="stmt"/>
        <line num="47" count="10" type="stmt"/>
        <line num="48" count="13" type="stmt"/>
        <line num="49" count="13" type="stmt"/>
        <line num="53" count="10" type="stmt"/>
        <line num="56" count="10" type="stmt"/>
        <line num="57" count="10" type="stmt"/>
        <line num="72" count="1" type="stmt"/>
        <line num="75" count="18" type="cond" truecount="1" falsecount="1"/>
        <line num="76" count="18" type="cond" truecount="1" falsecount="1"/>
        <line num="81" count="9" type="stmt"/>
        <line num="82" count="14" type="stmt"/>
        <line num="84" count="14" type="stmt"/>
        <line num="85" count="15" type="stmt"/>
        <line num="86" count="15" type="stmt"/>
        <line num="87" count="17" type="stmt"/>
        <line num="88" count="16" type="stmt"/>
        <line num="95" count="14" type="stmt"/>
        <line num="98" count="9" type="stmt"/>
        <line num="107" count="1" type="stmt"/>
        <line num="108" count="1" type="stmt"/>
        <line num="110" count="1" type="stmt"/>
        <line num="111" count="2" type="stmt"/>
        <line num="112" count="2" type="stmt"/>
        <line num="113" count="2" type="stmt"/>
        <line num="115" count="2" type="stmt"/>
        <line num="119" count="9" type="stmt"/>
      </file>
      <file name="provider.tsx" path="/Users/a.winogrodzki/projects/lostore/src/provider.tsx">
        <metrics statements="42" coveredstatements="42" conditionals="20" coveredconditionals="20" methods="11" coveredmethods="11"/>
        <line num="2" count="2" type="stmt"/>
        <line num="3" count="2" type="stmt"/>
        <line num="5" count="2" type="stmt"/>
        <line num="6" count="13" type="cond" truecount="2" falsecount="0"/>
        <line num="7" count="1" type="stmt"/>
        <line num="10" count="12" type="cond" truecount="4" falsecount="0"/>
        <line num="11" count="5" type="stmt"/>
        <line num="12" count="6" type="stmt"/>
        <line num="14" count="5" type="stmt"/>
        <line num="15" count="5" type="cond" truecount="2" falsecount="0"/>
        <line num="18" count="7" type="cond" truecount="4" falsecount="0"/>
        <line num="19" count="4" type="stmt"/>
        <line num="20" count="7" type="stmt"/>
        <line num="22" count="4" type="stmt"/>
        <line num="24" count="4" type="cond" truecount="2" falsecount="0"/>
        <line num="27" count="3" type="stmt"/>
        <line num="30" count="2" type="stmt"/>
        <line num="32" count="19" type="stmt"/>
        <line num="34" count="2" type="stmt"/>
        <line num="38" count="10" type="stmt"/>
        <line num="39" count="13" type="stmt"/>
        <line num="40" count="13" type="stmt"/>
        <line num="42" count="5" type="stmt"/>
        <line num="45" count="10" type="stmt"/>
        <line num="46" count="17" type="stmt"/>
        <line num="47" count="17" type="stmt"/>
        <line num="48" count="17" type="stmt"/>
        <line num="50" count="17" type="cond" truecount="2" falsecount="0"/>
        <line num="51" count="17" type="stmt"/>
        <line num="52" count="19" type="cond" truecount="2" falsecount="0"/>
        <line num="53" count="16" type="stmt"/>
        <line num="56" count="3" type="stmt"/>
        <line num="59" count="17" type="stmt"/>
        <line num="60" count="19" type="stmt"/>
        <line num="61" count="19" type="cond" truecount="2" falsecount="0"/>
        <line num="62" count="17" type="stmt"/>
        <line num="63" count="17" type="stmt"/>
        <line num="64" count="17" type="stmt"/>
        <line num="67" count="2" type="stmt"/>
        <line num="68" count="2" type="stmt"/>
        <line num="72" count="17" type="stmt"/>
        <line num="79" count="10" type="stmt"/>
      </file>
      <file name="utils.ts" path="/Users/a.winogrodzki/projects/lostore/src/utils.ts">
        <metrics statements="2" coveredstatements="2" conditionals="0" coveredconditionals="0" methods="1" coveredmethods="1"/>
        <line num="1" count="2" type="stmt"/>
        <line num="2" count="17" type="stmt"/>
      </file>
    </package>
    <package name="src.test">
      <metrics statements="5" coveredstatements="5" conditionals="1" coveredconditionals="1" methods="3" coveredmethods="3"/>
      <file name="utils.tsx" path="/Users/a.winogrodzki/projects/lostore/src/test/utils.tsx">
        <metrics statements="5" coveredstatements="5" conditionals="1" coveredconditionals="1" methods="3" coveredmethods="3"/>
        <line num="1" count="1" type="stmt"/>
        <line num="3" count="1" type="stmt"/>
        <line num="4" count="2" type="cond" truecount="1" falsecount="0"/>
        <line num="7" count="1" type="stmt"/>
        <line num="8" count="3" type="stmt"/>
      </file>
    </package>
  </project>
</coverage>
