{"/Users/a.winogrodzki/projects/lostore/src/context.ts": {"path":"/Users/a.winogrodzki/projects/lostore/src/context.ts","statementMap":{"0":{"start":{"line":1,"column":0},"end":{"line":1,"column":38}},"1":{"start":{"line":4,"column":13},"end":{"line":13,"column":null}},"2":{"start":{"line":5,"column":2},"end":{"line":12,"column":5}},"3":{"start":{"line":8,"column":6},"end":{"line":10,"column":8}}},"fnMap":{"0":{"name":"(anonymous_0)","decl":{"start":{"line":4,"column":34},"end":{"line":4,"column":50}},"loc":{"start":{"line":4,"column":65},"end":{"line":13,"column":1}}},"1":{"name":"(anonymous_1)","decl":{"start":{"line":7,"column":14},"end":{"line":7,"column":null}},"loc":{"start":{"line":7,"column":14},"end":{"line":11,"column":5}}}},"branchMap":{},"s":{"0":1,"1":1,"2":8,"3":1},"f":{"0":8,"1":1},"b":{}}
,"/Users/a.winogrodzki/projects/lostore/src/index.tsx": {"path":"/Users/a.winogrodzki/projects/lostore/src/index.tsx","statementMap":{"0":{"start":{"line":1,"column":0},"end":{"line":1,"column":31}},"1":{"start":{"line":13,"column":0},"end":{"line":13,"column":47}},"2":{"start":{"line":14,"column":0},"end":{"line":14,"column":49}},"3":{"start":{"line":16,"column":34},"end":{"line":36,"column":1}},"4":{"start":{"line":24,"column":2},"end":{"line":35,"column":4}},"5":{"start":{"line":24,"column":10},"end":{"line":24,"column":32}},"6":{"start":{"line":25,"column":74},"end":{"line":25,"column":97}},"7":{"start":{"line":27,"column":4},"end":{"line":31,"column":null}},"8":{"start":{"line":28,"column":6},"end":{"line":30,"column":29}},"9":{"start":{"line":29,"column":8},"end":{"line":29,"column":91}},"10":{"start":{"line":29,"column":46},"end":{"line":29,"column":90}},"11":{"start":{"line":33,"column":4},"end":{"line":33,"column":76}},"12":{"start":{"line":33,"column":42},"end":{"line":33,"column":75}},"13":{"start":{"line":34,"column":4},"end":{"line":34,"column":41}},"14":{"start":{"line":38,"column":29},"end":{"line":65,"column":1}},"15":{"start":{"line":44,"column":2},"end":{"line":49,"column":null}},"16":{"start":{"line":45,"column":4},"end":{"line":47,"column":null}},"17":{"start":{"line":51,"column":24},"end":{"line":51,"column":42}},"18":{"start":{"line":51,"column":41},"end":{"line":55,"column":4}},"19":{"start":{"line":52,"column":4},"end":{"line":54,"column":7}},"20":{"start":{"line":53,"column":6},"end":{"line":53,"column":74}},"21":{"start":{"line":57,"column":2},"end":{"line":63,"column":null}},"22":{"start":{"line":60,"column":22},"end":{"line":60,"column":25}},"23":{"start":{"line":60,"column":27},"end":{"line":60,"column":32}},"24":{"start":{"line":61,"column":8},"end":{"line":61,"column":null}},"25":{"start":{"line":67,"column":13},"end":{"line":92,"column":2}},"26":{"start":{"line":70,"column":2},"end":{"line":70,"column":null}},"27":{"start":{"line":71,"column":2},"end":{"line":74,"column":null}},"28":{"start":{"line":76,"column":19},"end":{"line":89,"column":3}},"29":{"start":{"line":77,"column":10},"end":{"line":77,"column":12}},"30":{"start":{"line":77,"column":12},"end":{"line":77,"column":17}},"31":{"start":{"line":77,"column":19},"end":{"line":77,"column":62}},"32":{"start":{"line":79,"column":20},"end":{"line":85,"column":null}},"33":{"start":{"line":80,"column":14},"end":{"line":80,"column":17}},"34":{"start":{"line":80,"column":19},"end":{"line":80,"column":24}},"35":{"start":{"line":81,"column":8},"end":{"line":83,"column":null}},"36":{"start":{"line":82,"column":10},"end":{"line":82,"column":64}},"37":{"start":{"line":82,"column":32},"end":{"line":82,"column":63}},"38":{"start":{"line":88,"column":4},"end":{"line":88,"column":28}},"39":{"start":{"line":91,"column":2},"end":{"line":91,"column":78}}},"fnMap":{"0":{"name":"(anonymous_2)","decl":{"start":{"line":16,"column":34},"end":{"line":16,"column":null}},"loc":{"start":{"line":22,"column":27},"end":{"line":36,"column":1}}},"1":{"name":"(anonymous_3)","decl":{"start":{"line":24,"column":9},"end":{"line":24,"column":10}},"loc":{"start":{"line":24,"column":9},"end":{"line":35,"column":3}}},"2":{"name":"(anonymous_4)","decl":{"start":{"line":28,"column":26},"end":{"line":28,"column":44}},"loc":{"start":{"line":28,"column":44},"end":{"line":30,"column":7}}},"3":{"name":"(anonymous_5)","decl":{"start":{"line":29,"column":17},"end":{"line":29,"column":18}},"loc":{"start":{"line":29,"column":41},"end":{"line":29,"column":64}}},"4":{"name":"(anonymous_6)","decl":{"start":{"line":33,"column":13},"end":{"line":33,"column":14}},"loc":{"start":{"line":33,"column":37},"end":{"line":33,"column":49}}},"5":{"name":"(anonymous_7)","decl":{"start":{"line":38,"column":29},"end":{"line":38,"column":null}},"loc":{"start":{"line":42,"column":27},"end":{"line":65,"column":1}}},"6":{"name":"(anonymous_8)","decl":{"start":{"line":51,"column":24},"end":{"line":51,"column":25}},"loc":{"start":{"line":51,"column":36},"end":{"line":51,"column":42}}},"7":{"name":"(anonymous_9)","decl":{"start":{"line":51,"column":41},"end":{"line":51,"column":42}},"loc":{"start":{"line":51,"column":86},"end":{"line":55,"column":3}}},"8":{"name":"(anonymous_10)","decl":{"start":{"line":52,"column":13},"end":{"line":52,"column":14}},"loc":{"start":{"line":52,"column":34},"end":{"line":54,"column":5}}},"9":{"name":"(anonymous_11)","decl":{"start":{"line":60,"column":6},"end":{"line":60,"column":7}},"loc":{"start":{"line":60,"column":33},"end":{"line":61,"column":28}}},"10":{"name":"(anonymous_12)","decl":{"start":{"line":67,"column":31},"end":{"line":67,"column":null}},"loc":{"start":{"line":74,"column":3},"end":{"line":92,"column":1}}},"11":{"name":"(anonymous_13)","decl":{"start":{"line":76,"column":19},"end":{"line":76,"column":null}},"loc":{"start":{"line":76,"column":19},"end":{"line":89,"column":3}}},"12":{"name":"(anonymous_14)","decl":{"start":{"line":80,"column":6},"end":{"line":80,"column":7}},"loc":{"start":{"line":80,"column":25},"end":{"line":81,"column":28}}},"13":{"name":"(anonymous_15)","decl":{"start":{"line":81,"column":47},"end":{"line":81,"column":55}},"loc":{"start":{"line":81,"column":55},"end":{"line":83,"column":9}}},"14":{"name":"(anonymous_16)","decl":{"start":{"line":82,"column":19},"end":{"line":82,"column":28}},"loc":{"start":{"line":82,"column":28},"end":{"line":82,"column":40}}}},"branchMap":{"0":{"loc":{"start":{"line":27,"column":4},"end":{"line":31,"column":null}},"type":"if","locations":[{"start":{"line":27,"column":4},"end":{"line":31,"column":null}},{"start":{"line":27,"column":4},"end":{"line":31,"column":null}}]},"1":{"loc":{"start":{"line":44,"column":2},"end":{"line":49,"column":null}},"type":"if","locations":[{"start":{"line":44,"column":2},"end":{"line":49,"column":null}},{"start":{"line":44,"column":2},"end":{"line":49,"column":null}}]},"2":{"loc":{"start":{"line":70,"column":2},"end":{"line":70,"column":null}},"type":"if","locations":[{"start":{"line":70,"column":2},"end":{"line":70,"column":null}},{"start":{"line":70,"column":2},"end":{"line":70,"column":null}}]},"3":{"loc":{"start":{"line":71,"column":2},"end":{"line":74,"column":null}},"type":"if","locations":[{"start":{"line":71,"column":2},"end":{"line":74,"column":null}},{"start":{"line":71,"column":2},"end":{"line":74,"column":null}}]}},"s":{"0":1,"1":1,"2":1,"3":1,"4":13,"5":43,"6":16,"7":16,"8":2,"9":2,"10":1,"11":14,"12":14,"13":14,"14":1,"15":21,"16":13,"17":8,"18":8,"19":12,"20":12,"21":8,"22":8,"23":8,"24":8,"25":1,"26":16,"27":16,"28":8,"29":12,"30":12,"31":12,"32":12,"33":13,"34":13,"35":13,"36":16,"37":15,"38":12,"39":8},"f":{"0":13,"1":16,"2":2,"3":1,"4":14,"5":21,"6":8,"7":12,"8":12,"9":8,"10":8,"11":12,"12":13,"13":16,"14":15},"b":{"0":[2,14],"1":[13,8],"2":[8,0],"3":[8,0]}}
,"/Users/a.winogrodzki/projects/lostore/src/provider.tsx": {"path":"/Users/a.winogrodzki/projects/lostore/src/provider.tsx","statementMap":{"0":{"start":{"line":2,"column":0},"end":{"line":2,"column":31}},"1":{"start":{"line":3,"column":0},"end":{"line":3,"column":42}},"2":{"start":{"line":5,"column":13},"end":{"line":28,"column":2}},"3":{"start":{"line":6,"column":2},"end":{"line":8,"column":null}},"4":{"start":{"line":7,"column":4},"end":{"line":7,"column":16}},"5":{"start":{"line":10,"column":2},"end":{"line":16,"column":null}},"6":{"start":{"line":11,"column":37},"end":{"line":12,"column":null}},"7":{"start":{"line":12,"column":8},"end":{"line":12,"column":11}},"8":{"start":{"line":12,"column":13},"end":{"line":12,"column":18}},"9":{"start":{"line":12,"column":24},"end":{"line":12,"column":null}},"10":{"start":{"line":14,"column":29},"end":{"line":14,"column":92}},"11":{"start":{"line":15,"column":4},"end":{"line":15,"column":56}},"12":{"start":{"line":18,"column":2},"end":{"line":25,"column":null}},"13":{"start":{"line":19,"column":33},"end":{"line":20,"column":null}},"14":{"start":{"line":20,"column":37},"end":{"line":20,"column":null}},"15":{"start":{"line":22,"column":29},"end":{"line":22,"column":66}},"16":{"start":{"line":24,"column":4},"end":{"line":24,"column":52}},"17":{"start":{"line":27,"column":2},"end":{"line":27,"column":15}},"18":{"start":{"line":30,"column":13},"end":{"line":55,"column":2}},"19":{"start":{"line":34,"column":32},"end":{"line":38,"column":null}},"20":{"start":{"line":35,"column":7},"end":{"line":35,"column":12}},"21":{"start":{"line":35,"column":14},"end":{"line":35,"column":22}},"22":{"start":{"line":35,"column":24},"end":{"line":35,"column":32}},"23":{"start":{"line":36,"column":6},"end":{"line":36,"column":99}},"24":{"start":{"line":38,"column":30},"end":{"line":38,"column":null}},"25":{"start":{"line":41,"column":72},"end":{"line":52,"column":3}},"26":{"start":{"line":42,"column":4},"end":{"line":42,"column":12}},"27":{"start":{"line":43,"column":4},"end":{"line":43,"column":39}},"28":{"start":{"line":45,"column":10},"end":{"line":45,"column":11}},"29":{"start":{"line":45,"column":11},"end":{"line":45,"column":16}},"30":{"start":{"line":45,"column":18},"end":{"line":45,"column":83}},"31":{"start":{"line":47,"column":4},"end":{"line":51,"column":6}},"32":{"start":{"line":54,"column":2},"end":{"line":54,"column":23}}},"fnMap":{"0":{"name":"(anonymous_0)","decl":{"start":{"line":5,"column":28},"end":{"line":5,"column":44}},"loc":{"start":{"line":5,"column":70},"end":{"line":28,"column":1}}},"1":{"name":"(anonymous_1)","decl":{"start":{"line":12,"column":6},"end":{"line":12,"column":7}},"loc":{"start":{"line":12,"column":19},"end":{"line":12,"column":33}}},"2":{"name":"(anonymous_2)","decl":{"start":{"line":20,"column":6},"end":{"line":20,"column":7}},"loc":{"start":{"line":20,"column":32},"end":{"line":20,"column":42}}},"3":{"name":"(anonymous_3)","decl":{"start":{"line":30,"column":35},"end":{"line":30,"column":null}},"loc":{"start":{"line":32,"column":17},"end":{"line":55,"column":1}}},"4":{"name":"(anonymous_4)","decl":{"start":{"line":35,"column":4},"end":{"line":35,"column":5}},"loc":{"start":{"line":35,"column":34},"end":{"line":37,"column":5}}},"5":{"name":"(anonymous_5)","decl":{"start":{"line":38,"column":4},"end":{"line":38,"column":5}},"loc":{"start":{"line":38,"column":25},"end":{"line":38,"column":42}}},"6":{"name":"(anonymous_6)","decl":{"start":{"line":41,"column":72},"end":{"line":41,"column":73}},"loc":{"start":{"line":44,"column":3},"end":{"line":52,"column":3}}}},"branchMap":{"0":{"loc":{"start":{"line":6,"column":2},"end":{"line":8,"column":null}},"type":"if","locations":[{"start":{"line":6,"column":2},"end":{"line":8,"column":null}},{"start":{"line":6,"column":2},"end":{"line":8,"column":null}}]},"1":{"loc":{"start":{"line":10,"column":2},"end":{"line":16,"column":null}},"type":"if","locations":[{"start":{"line":10,"column":2},"end":{"line":16,"column":null}},{"start":{"line":10,"column":2},"end":{"line":16,"column":null}}]},"2":{"loc":{"start":{"line":10,"column":6},"end":{"line":10,"column":32}},"type":"binary-expr","locations":[{"start":{"line":10,"column":6},"end":{"line":10,"column":32}},{"start":{"line":10,"column":36},"end":{"line":10,"column":62}}]},"3":{"loc":{"start":{"line":15,"column":11},"end":{"line":15,"column":35}},"type":"binary-expr","locations":[{"start":{"line":15,"column":11},"end":{"line":15,"column":35}},{"start":{"line":15,"column":39},"end":{"line":15,"column":55}}]},"4":{"loc":{"start":{"line":18,"column":2},"end":{"line":25,"column":null}},"type":"if","locations":[{"start":{"line":18,"column":2},"end":{"line":25,"column":null}},{"start":{"line":18,"column":2},"end":{"line":25,"column":null}}]},"5":{"loc":{"start":{"line":18,"column":6},"end":{"line":18,"column":30}},"type":"binary-expr","locations":[{"start":{"line":18,"column":6},"end":{"line":18,"column":30}},{"start":{"line":18,"column":34},"end":{"line":18,"column":58}}]},"6":{"loc":{"start":{"line":24,"column":11},"end":{"line":24,"column":31}},"type":"binary-expr","locations":[{"start":{"line":24,"column":11},"end":{"line":24,"column":31}},{"start":{"line":24,"column":35},"end":{"line":24,"column":51}}]},"7":{"loc":{"start":{"line":45,"column":10},"end":{"line":45,"column":11}},"type":"cond-expr","locations":[{"start":{"line":45,"column":10},"end":{"line":45,"column":11}},{"start":{"line":45,"column":10},"end":{"line":45,"column":11}}]}},"s":{"0":2,"1":2,"2":2,"3":12,"4":1,"5":11,"6":4,"7":5,"8":5,"9":5,"10":4,"11":4,"12":7,"13":4,"14":7,"15":4,"16":4,"17":3,"18":2,"19":8,"20":11,"21":11,"22":11,"23":11,"24":4,"25":8,"26":11,"27":11,"28":11,"29":11,"30":11,"31":11,"32":8},"f":{"0":12,"1":5,"2":7,"3":8,"4":11,"5":4,"6":11},"b":{"0":[1,11],"1":[4,7],"2":[11,4],"3":[4,2],"4":[4,3],"5":[7,4],"6":[4,3],"7":[12,21]}}
,"/Users/a.winogrodzki/projects/lostore/src/utils.ts": {"path":"/Users/a.winogrodzki/projects/lostore/src/utils.ts","statementMap":{"0":{"start":{"line":1,"column":13},"end":{"line":2,"column":62}},"1":{"start":{"line":2,"column":2},"end":{"line":2,"column":62}}},"fnMap":{"0":{"name":"(anonymous_0)","decl":{"start":{"line":1,"column":31},"end":{"line":1,"column":32}},"loc":{"start":{"line":1,"column":42},"end":{"line":2,"column":8}}}},"branchMap":{},"s":{"0":2,"1":15},"f":{"0":15},"b":{}}
,"/Users/a.winogrodzki/projects/lostore/src/test/utils.tsx": {"path":"/Users/a.winogrodzki/projects/lostore/src/test/utils.tsx","statementMap":{"0":{"start":{"line":1,"column":0},"end":{"line":1,"column":51}},"1":{"start":{"line":3,"column":13},"end":{"line":5,"column":null}},"2":{"start":{"line":3,"column":86},"end":{"line":5,"column":null}},"3":{"start":{"line":4,"column":2},"end":{"line":4,"column":22}},"4":{"start":{"line":7,"column":13},"end":{"line":9,"column":null}},"5":{"start":{"line":8,"column":2},"end":{"line":8,"column":16}}},"fnMap":{"0":{"name":"(anonymous_13)","decl":{"start":{"line":3,"column":38},"end":{"line":3,"column":45}},"loc":{"start":{"line":3,"column":86},"end":{"line":5,"column":null}}},"1":{"name":"(anonymous_14)","decl":{"start":{"line":3,"column":86},"end":{"line":3,"column":null}},"loc":{"start":{"line":3,"column":86},"end":{"line":5,"column":null}}},"2":{"name":"(anonymous_16)","decl":{"start":{"line":7,"column":33},"end":{"line":7,"column":34}},"loc":{"start":{"line":7,"column":66},"end":{"line":9,"column":1}}}},"branchMap":{"0":{"loc":{"start":{"line":4,"column":2},"end":{"line":4,"column":22}},"type":"switch","locations":[{"start":{"line":4,"column":2},"end":{"line":4,"column":22}}]}},"s":{"0":1,"1":1,"2":1,"3":2,"4":1,"5":3},"f":{"0":1,"1":1,"2":3},"b":{"0":[1]}}
}
