{"/Users/a.winogrodzki/projects/lostore/src/context.ts": {"path":"/Users/a.winogrodzki/projects/lostore/src/context.ts","statementMap":{"0":{"start":{"line":1,"column":0},"end":{"line":1,"column":38}},"1":{"start":{"line":4,"column":13},"end":{"line":13,"column":null}},"2":{"start":{"line":5,"column":2},"end":{"line":12,"column":5}},"3":{"start":{"line":8,"column":6},"end":{"line":10,"column":8}}},"fnMap":{"0":{"name":"(anonymous_0)","decl":{"start":{"line":4,"column":34},"end":{"line":4,"column":50}},"loc":{"start":{"line":4,"column":65},"end":{"line":13,"column":1}}},"1":{"name":"(anonymous_1)","decl":{"start":{"line":7,"column":14},"end":{"line":7,"column":null}},"loc":{"start":{"line":7,"column":14},"end":{"line":11,"column":5}}}},"branchMap":{},"s":{"0":1,"1":1,"2":8,"3":1},"f":{"0":8,"1":1},"b":{}}
,"/Users/a.winogrodzki/projects/lostore/src/index.tsx": {"path":"/Users/a.winogrodzki/projects/lostore/src/index.tsx","statementMap":{"0":{"start":{"line":1,"column":0},"end":{"line":1,"column":31}},"1":{"start":{"line":13,"column":0},"end":{"line":13,"column":47}},"2":{"start":{"line":14,"column":0},"end":{"line":14,"column":49}},"3":{"start":{"line":16,"column":34},"end":{"line":37,"column":1}},"4":{"start":{"line":25,"column":2},"end":{"line":36,"column":4}},"5":{"start":{"line":25,"column":10},"end":{"line":25,"column":32}},"6":{"start":{"line":26,"column":74},"end":{"line":26,"column":97}},"7":{"start":{"line":28,"column":4},"end":{"line":32,"column":null}},"8":{"start":{"line":29,"column":6},"end":{"line":31,"column":29}},"9":{"start":{"line":30,"column":8},"end":{"line":30,"column":78}},"10":{"start":{"line":30,"column":33},"end":{"line":30,"column":77}},"11":{"start":{"line":34,"column":4},"end":{"line":34,"column":63}},"12":{"start":{"line":34,"column":29},"end":{"line":34,"column":62}},"13":{"start":{"line":35,"column":4},"end":{"line":35,"column":41}},"14":{"start":{"line":39,"column":29},"end":{"line":67,"column":1}},"15":{"start":{"line":46,"column":2},"end":{"line":51,"column":null}},"16":{"start":{"line":47,"column":4},"end":{"line":49,"column":null}},"17":{"start":{"line":53,"column":24},"end":{"line":53,"column":42}},"18":{"start":{"line":53,"column":41},"end":{"line":57,"column":4}},"19":{"start":{"line":54,"column":4},"end":{"line":56,"column":7}},"20":{"start":{"line":55,"column":6},"end":{"line":55,"column":63}},"21":{"start":{"line":59,"column":2},"end":{"line":65,"column":null}},"22":{"start":{"line":62,"column":22},"end":{"line":62,"column":25}},"23":{"start":{"line":62,"column":27},"end":{"line":62,"column":32}},"24":{"start":{"line":63,"column":8},"end":{"line":63,"column":null}},"25":{"start":{"line":69,"column":13},"end":{"line":90,"column":2}},"26":{"start":{"line":72,"column":2},"end":{"line":72,"column":null}},"27":{"start":{"line":73,"column":2},"end":{"line":76,"column":null}},"28":{"start":{"line":78,"column":19},"end":{"line":87,"column":3}},"29":{"start":{"line":79,"column":10},"end":{"line":79,"column":12}},"30":{"start":{"line":79,"column":12},"end":{"line":79,"column":17}},"31":{"start":{"line":79,"column":19},"end":{"line":79,"column":62}},"32":{"start":{"line":81,"column":20},"end":{"line":83,"column":null}},"33":{"start":{"line":82,"column":14},"end":{"line":82,"column":17}},"34":{"start":{"line":82,"column":19},"end":{"line":82,"column":24}},"35":{"start":{"line":82,"column":30},"end":{"line":82,"column":null}},"36":{"start":{"line":86,"column":4},"end":{"line":86,"column":28}},"37":{"start":{"line":89,"column":2},"end":{"line":89,"column":78}}},"fnMap":{"0":{"name":"(anonymous_2)","decl":{"start":{"line":16,"column":34},"end":{"line":16,"column":null}},"loc":{"start":{"line":23,"column":15},"end":{"line":37,"column":1}}},"1":{"name":"(anonymous_3)","decl":{"start":{"line":25,"column":9},"end":{"line":25,"column":10}},"loc":{"start":{"line":25,"column":9},"end":{"line":36,"column":3}}},"2":{"name":"(anonymous_4)","decl":{"start":{"line":29,"column":26},"end":{"line":29,"column":44}},"loc":{"start":{"line":29,"column":44},"end":{"line":31,"column":7}}},"3":{"name":"(anonymous_5)","decl":{"start":{"line":30,"column":17},"end":{"line":30,"column":29}},"loc":{"start":{"line":30,"column":29},"end":{"line":30,"column":51}}},"4":{"name":"(anonymous_6)","decl":{"start":{"line":34,"column":13},"end":{"line":34,"column":25}},"loc":{"start":{"line":34,"column":25},"end":{"line":34,"column":36}}},"5":{"name":"(anonymous_7)","decl":{"start":{"line":39,"column":29},"end":{"line":39,"column":null}},"loc":{"start":{"line":44,"column":15},"end":{"line":67,"column":1}}},"6":{"name":"(anonymous_8)","decl":{"start":{"line":53,"column":24},"end":{"line":53,"column":25}},"loc":{"start":{"line":53,"column":36},"end":{"line":53,"column":42}}},"7":{"name":"(anonymous_9)","decl":{"start":{"line":53,"column":41},"end":{"line":53,"column":42}},"loc":{"start":{"line":53,"column":71},"end":{"line":57,"column":3}}},"8":{"name":"(anonymous_10)","decl":{"start":{"line":54,"column":13},"end":{"line":54,"column":22}},"loc":{"start":{"line":54,"column":22},"end":{"line":56,"column":5}}},"9":{"name":"(anonymous_11)","decl":{"start":{"line":62,"column":6},"end":{"line":62,"column":7}},"loc":{"start":{"line":62,"column":33},"end":{"line":63,"column":28}}},"10":{"name":"(anonymous_12)","decl":{"start":{"line":69,"column":31},"end":{"line":69,"column":null}},"loc":{"start":{"line":76,"column":3},"end":{"line":90,"column":1}}},"11":{"name":"(anonymous_13)","decl":{"start":{"line":78,"column":19},"end":{"line":78,"column":null}},"loc":{"start":{"line":78,"column":19},"end":{"line":87,"column":3}}},"12":{"name":"(anonymous_14)","decl":{"start":{"line":82,"column":6},"end":{"line":82,"column":7}},"loc":{"start":{"line":82,"column":25},"end":{"line":82,"column":50}}}},"branchMap":{"0":{"loc":{"start":{"line":28,"column":4},"end":{"line":32,"column":null}},"type":"if","locations":[{"start":{"line":28,"column":4},"end":{"line":32,"column":null}},{"start":{"line":28,"column":4},"end":{"line":32,"column":null}}]},"1":{"loc":{"start":{"line":46,"column":2},"end":{"line":51,"column":null}},"type":"if","locations":[{"start":{"line":46,"column":2},"end":{"line":51,"column":null}},{"start":{"line":46,"column":2},"end":{"line":51,"column":null}}]},"2":{"loc":{"start":{"line":72,"column":2},"end":{"line":72,"column":null}},"type":"if","locations":[{"start":{"line":72,"column":2},"end":{"line":72,"column":null}},{"start":{"line":72,"column":2},"end":{"line":72,"column":null}}]},"3":{"loc":{"start":{"line":73,"column":2},"end":{"line":76,"column":null}},"type":"if","locations":[{"start":{"line":73,"column":2},"end":{"line":76,"column":null}},{"start":{"line":73,"column":2},"end":{"line":76,"column":null}}]}},"s":{"0":1,"1":1,"2":1,"3":1,"4":31,"5":34,"6":13,"7":13,"8":2,"9":2,"10":1,"11":11,"12":11,"13":11,"14":1,"15":63,"16":31,"17":32,"18":32,"19":8,"20":8,"21":32,"22":32,"23":32,"24":32,"25":1,"26":16,"27":16,"28":8,"29":18,"30":18,"31":18,"32":18,"33":31,"34":31,"35":31,"36":18,"37":8},"f":{"0":31,"1":13,"2":2,"3":1,"4":11,"5":63,"6":32,"7":8,"8":8,"9":32,"10":8,"11":18,"12":31},"b":{"0":[2,11],"1":[31,32],"2":[8,0],"3":[8,0]}}
,"/Users/a.winogrodzki/projects/lostore/src/provider.tsx": {"path":"/Users/a.winogrodzki/projects/lostore/src/provider.tsx","statementMap":{"0":{"start":{"line":2,"column":0},"end":{"line":2,"column":31}},"1":{"start":{"line":3,"column":0},"end":{"line":3,"column":42}},"2":{"start":{"line":5,"column":13},"end":{"line":28,"column":2}},"3":{"start":{"line":6,"column":2},"end":{"line":8,"column":null}},"4":{"start":{"line":7,"column":4},"end":{"line":7,"column":16}},"5":{"start":{"line":10,"column":2},"end":{"line":16,"column":null}},"6":{"start":{"line":11,"column":37},"end":{"line":12,"column":null}},"7":{"start":{"line":12,"column":8},"end":{"line":12,"column":11}},"8":{"start":{"line":12,"column":13},"end":{"line":12,"column":18}},"9":{"start":{"line":12,"column":24},"end":{"line":12,"column":null}},"10":{"start":{"line":14,"column":29},"end":{"line":14,"column":92}},"11":{"start":{"line":15,"column":4},"end":{"line":15,"column":56}},"12":{"start":{"line":18,"column":2},"end":{"line":25,"column":null}},"13":{"start":{"line":19,"column":33},"end":{"line":20,"column":null}},"14":{"start":{"line":20,"column":37},"end":{"line":20,"column":null}},"15":{"start":{"line":22,"column":29},"end":{"line":22,"column":66}},"16":{"start":{"line":24,"column":4},"end":{"line":24,"column":52}},"17":{"start":{"line":27,"column":2},"end":{"line":27,"column":15}},"18":{"start":{"line":30,"column":13},"end":{"line":53,"column":2}},"19":{"start":{"line":34,"column":72},"end":{"line":50,"column":3}},"20":{"start":{"line":35,"column":4},"end":{"line":35,"column":12}},"21":{"start":{"line":36,"column":4},"end":{"line":36,"column":39}},"22":{"start":{"line":38,"column":10},"end":{"line":38,"column":11}},"23":{"start":{"line":38,"column":11},"end":{"line":38,"column":16}},"24":{"start":{"line":38,"column":18},"end":{"line":38,"column":83}},"25":{"start":{"line":40,"column":34},"end":{"line":46,"column":null}},"26":{"start":{"line":41,"column":9},"end":{"line":41,"column":14}},"27":{"start":{"line":41,"column":16},"end":{"line":41,"column":24}},"28":{"start":{"line":42,"column":8},"end":{"line":44,"column":10}},"29":{"start":{"line":46,"column":32},"end":{"line":46,"column":null}},"30":{"start":{"line":49,"column":4},"end":{"line":49,"column":71}},"31":{"start":{"line":52,"column":2},"end":{"line":52,"column":23}}},"fnMap":{"0":{"name":"(anonymous_0)","decl":{"start":{"line":5,"column":28},"end":{"line":5,"column":44}},"loc":{"start":{"line":5,"column":70},"end":{"line":28,"column":1}}},"1":{"name":"(anonymous_1)","decl":{"start":{"line":12,"column":6},"end":{"line":12,"column":7}},"loc":{"start":{"line":12,"column":19},"end":{"line":12,"column":33}}},"2":{"name":"(anonymous_2)","decl":{"start":{"line":20,"column":6},"end":{"line":20,"column":7}},"loc":{"start":{"line":20,"column":32},"end":{"line":20,"column":42}}},"3":{"name":"(anonymous_3)","decl":{"start":{"line":30,"column":35},"end":{"line":30,"column":null}},"loc":{"start":{"line":32,"column":17},"end":{"line":53,"column":1}}},"4":{"name":"(anonymous_4)","decl":{"start":{"line":34,"column":72},"end":{"line":34,"column":73}},"loc":{"start":{"line":37,"column":3},"end":{"line":50,"column":3}}},"5":{"name":"(anonymous_5)","decl":{"start":{"line":41,"column":6},"end":{"line":41,"column":7}},"loc":{"start":{"line":41,"column":26},"end":{"line":45,"column":7}}},"6":{"name":"(anonymous_6)","decl":{"start":{"line":46,"column":6},"end":{"line":46,"column":7}},"loc":{"start":{"line":46,"column":27},"end":{"line":46,"column":44}}}},"branchMap":{"0":{"loc":{"start":{"line":6,"column":2},"end":{"line":8,"column":null}},"type":"if","locations":[{"start":{"line":6,"column":2},"end":{"line":8,"column":null}},{"start":{"line":6,"column":2},"end":{"line":8,"column":null}}]},"1":{"loc":{"start":{"line":10,"column":2},"end":{"line":16,"column":null}},"type":"if","locations":[{"start":{"line":10,"column":2},"end":{"line":16,"column":null}},{"start":{"line":10,"column":2},"end":{"line":16,"column":null}}]},"2":{"loc":{"start":{"line":10,"column":6},"end":{"line":10,"column":32}},"type":"binary-expr","locations":[{"start":{"line":10,"column":6},"end":{"line":10,"column":32}},{"start":{"line":10,"column":36},"end":{"line":10,"column":62}}]},"3":{"loc":{"start":{"line":15,"column":11},"end":{"line":15,"column":35}},"type":"binary-expr","locations":[{"start":{"line":15,"column":11},"end":{"line":15,"column":35}},{"start":{"line":15,"column":39},"end":{"line":15,"column":55}}]},"4":{"loc":{"start":{"line":18,"column":2},"end":{"line":25,"column":null}},"type":"if","locations":[{"start":{"line":18,"column":2},"end":{"line":25,"column":null}},{"start":{"line":18,"column":2},"end":{"line":25,"column":null}}]},"5":{"loc":{"start":{"line":18,"column":6},"end":{"line":18,"column":30}},"type":"binary-expr","locations":[{"start":{"line":18,"column":6},"end":{"line":18,"column":30}},{"start":{"line":18,"column":34},"end":{"line":18,"column":58}}]},"6":{"loc":{"start":{"line":24,"column":11},"end":{"line":24,"column":31}},"type":"binary-expr","locations":[{"start":{"line":24,"column":11},"end":{"line":24,"column":31}},{"start":{"line":24,"column":35},"end":{"line":24,"column":51}}]},"7":{"loc":{"start":{"line":38,"column":10},"end":{"line":38,"column":11}},"type":"cond-expr","locations":[{"start":{"line":38,"column":10},"end":{"line":38,"column":11}},{"start":{"line":38,"column":10},"end":{"line":38,"column":11}}]}},"s":{"0":2,"1":2,"2":2,"3":8,"4":1,"5":7,"6":3,"7":4,"8":4,"9":4,"10":3,"11":3,"12":4,"13":3,"14":7,"15":3,"16":3,"17":1,"18":2,"19":8,"20":17,"21":17,"22":17,"23":17,"24":17,"25":17,"26":17,"27":17,"28":17,"29":0,"30":17,"31":8},"f":{"0":8,"1":4,"2":7,"3":8,"4":17,"5":17,"6":0},"b":{"0":[1,7],"1":[3,4],"2":[7,3],"3":[3,2],"4":[3,1],"5":[4,3],"6":[3,2],"7":[18,33]}}
,"/Users/a.winogrodzki/projects/lostore/src/utils.ts": {"path":"/Users/a.winogrodzki/projects/lostore/src/utils.ts","statementMap":{"0":{"start":{"line":1,"column":13},"end":{"line":2,"column":62}},"1":{"start":{"line":2,"column":2},"end":{"line":2,"column":62}}},"fnMap":{"0":{"name":"(anonymous_0)","decl":{"start":{"line":1,"column":31},"end":{"line":1,"column":32}},"loc":{"start":{"line":1,"column":42},"end":{"line":2,"column":8}}}},"branchMap":{},"s":{"0":2,"1":10},"f":{"0":10},"b":{}}
,"/Users/a.winogrodzki/projects/lostore/src/test/utils.tsx": {"path":"/Users/a.winogrodzki/projects/lostore/src/test/utils.tsx","statementMap":{"0":{"start":{"line":1,"column":0},"end":{"line":1,"column":51}},"1":{"start":{"line":3,"column":13},"end":{"line":5,"column":null}},"2":{"start":{"line":3,"column":86},"end":{"line":5,"column":null}},"3":{"start":{"line":4,"column":2},"end":{"line":4,"column":22}},"4":{"start":{"line":7,"column":13},"end":{"line":9,"column":null}},"5":{"start":{"line":8,"column":2},"end":{"line":8,"column":16}}},"fnMap":{"0":{"name":"(anonymous_13)","decl":{"start":{"line":3,"column":38},"end":{"line":3,"column":45}},"loc":{"start":{"line":3,"column":86},"end":{"line":5,"column":null}}},"1":{"name":"(anonymous_14)","decl":{"start":{"line":3,"column":86},"end":{"line":3,"column":null}},"loc":{"start":{"line":3,"column":86},"end":{"line":5,"column":null}}},"2":{"name":"(anonymous_16)","decl":{"start":{"line":7,"column":33},"end":{"line":7,"column":34}},"loc":{"start":{"line":7,"column":66},"end":{"line":9,"column":1}}}},"branchMap":{"0":{"loc":{"start":{"line":4,"column":2},"end":{"line":4,"column":22}},"type":"switch","locations":[{"start":{"line":4,"column":2},"end":{"line":4,"column":22}}]}},"s":{"0":1,"1":1,"2":1,"3":2,"4":1,"5":9},"f":{"0":1,"1":1,"2":9},"b":{"0":[1]}}
}
