TN:
SF:src/context.ts
FN:4,(anonymous_0)
FN:7,(anonymous_1)
FNF:2
FNH:2
FNDA:10,(anonymous_0)
FNDA:1,(anonymous_1)
DA:1,2
DA:4,2
DA:5,10
DA:8,1
LF:4
LH:4
BRF:0
BRH:0
end_of_record
TN:
SF:src/index.tsx
FN:16,(anonymous_2)
FN:20,(anonymous_3)
FN:24,(anonymous_4)
FN:25,(anonymous_5)
FN:29,(anonymous_6)
FN:34,(anonymous_7)
FN:47,(anonymous_8)
FN:47,(anonymous_9)
FN:48,(anonymous_10)
FN:56,(anonymous_11)
FN:72,(anonymous_12)
FN:81,(anonymous_13)
FN:85,(anonymous_14)
FN:86,(anonymous_15)
FN:87,(anonymous_16)
FN:98,(anonymous_17)
FN:111,(anonymous_18)
FNF:17
FNH:17
FNDA:15,(anonymous_2)
FNDA:17,(anonymous_3)
FNDA:2,(anonymous_4)
FNDA:1,(anonymous_5)
FNDA:15,(anonymous_6)
FNDA:25,(anonymous_7)
FNDA:10,(anonymous_8)
FNDA:13,(anonymous_9)
FNDA:13,(anonymous_10)
FNDA:10,(anonymous_11)
FNDA:9,(anonymous_12)
FNDA:14,(anonymous_13)
FNDA:15,(anonymous_14)
FNDA:17,(anonymous_15)
FNDA:16,(anonymous_16)
FNDA:1,(anonymous_17)
FNDA:2,(anonymous_18)
DA:1,1
DA:13,1
DA:14,1
DA:16,1
DA:20,46
DA:21,17
DA:23,17
DA:24,2
DA:25,2
DA:29,15
DA:30,15
DA:34,1
DA:40,25
DA:41,15
DA:47,10
DA:48,13
DA:49,13
DA:53,10
DA:56,10
DA:57,10
DA:72,1
DA:75,18
DA:76,18
DA:81,9
DA:82,14
DA:84,14
DA:85,15
DA:86,15
DA:87,17
DA:88,16
DA:95,14
DA:98,9
DA:109,1
DA:111,1
DA:112,2
DA:113,2
DA:114,2
DA:116,2
DA:120,9
LF:39
LH:39
BRDA:23,0,0,2
BRDA:23,0,1,15
BRDA:40,1,0,15
BRDA:40,1,1,10
BRDA:75,2,0,9
BRDA:75,2,1,0
BRDA:76,3,0,9
BRDA:76,3,1,0
BRF:8
BRH:6
end_of_record
TN:
SF:src/provider.tsx
FN:5,(anonymous_0)
FN:12,(anonymous_1)
FN:20,(anonymous_2)
FN:30,(anonymous_3)
FN:34,(anonymous_4)
FN:39,(anonymous_5)
FN:42,(anonymous_6)
FN:45,(anonymous_7)
FN:51,(anonymous_8)
FN:59,(anonymous_9)
FN:60,(anonymous_10)
FNF:11
FNH:11
FNDA:13,(anonymous_0)
FNDA:6,(anonymous_1)
FNDA:7,(anonymous_2)
FNDA:19,(anonymous_3)
FNDA:10,(anonymous_4)
FNDA:13,(anonymous_5)
FNDA:5,(anonymous_6)
FNDA:17,(anonymous_7)
FNDA:19,(anonymous_8)
FNDA:19,(anonymous_9)
FNDA:19,(anonymous_10)
DA:2,2
DA:3,2
DA:5,2
DA:6,13
DA:7,1
DA:10,12
DA:11,5
DA:12,6
DA:14,5
DA:15,5
DA:18,7
DA:19,4
DA:20,7
DA:22,4
DA:24,4
DA:27,3
DA:30,2
DA:32,19
DA:34,2
DA:38,10
DA:39,13
DA:40,13
DA:42,5
DA:45,10
DA:46,17
DA:47,17
DA:48,17
DA:50,17
DA:51,17
DA:52,19
DA:53,16
DA:56,3
DA:59,17
DA:60,19
DA:61,19
DA:62,17
DA:63,17
DA:64,17
DA:67,2
DA:68,2
DA:72,17
DA:79,10
LF:42
LH:42
BRDA:6,0,0,1
BRDA:6,0,1,12
BRDA:10,1,0,5
BRDA:10,1,1,7
BRDA:10,2,0,12
BRDA:10,2,1,5
BRDA:15,3,0,5
BRDA:15,3,1,2
BRDA:18,4,0,4
BRDA:18,4,1,3
BRDA:18,5,0,7
BRDA:18,5,1,4
BRDA:24,6,0,4
BRDA:24,6,1,3
BRDA:50,7,0,18
BRDA:50,7,1,33
BRDA:52,8,0,16
BRDA:52,8,1,3
BRDA:61,9,0,17
BRDA:61,9,1,2
BRF:20
BRH:20
end_of_record
TN:
SF:src/utils.ts
FN:1,(anonymous_0)
FNF:1
FNH:1
FNDA:17,(anonymous_0)
DA:1,2
DA:2,17
LF:2
LH:2
BRF:0
BRH:0
end_of_record
TN:
SF:src/test/utils.tsx
FN:3,(anonymous_13)
FN:3,(anonymous_14)
FN:7,(anonymous_16)
FNF:3
FNH:3
FNDA:1,(anonymous_13)
FNDA:1,(anonymous_14)
FNDA:3,(anonymous_16)
DA:1,1
DA:3,1
DA:4,2
DA:7,1
DA:8,3
LF:5
LH:5
BRDA:4,0,0,1
BRF:1
BRH:1
end_of_record
