TN:
SF:src/context.ts
FN:4,(anonymous_0)
FN:7,(anonymous_1)
FNF:2
FNH:2
FNDA:8,(anonymous_0)
FNDA:1,(anonymous_1)
DA:1,1
DA:4,1
DA:5,8
DA:8,1
LF:4
LH:4
BRF:0
BRH:0
end_of_record
TN:
SF:src/index.tsx
FN:16,(anonymous_2)
FN:25,(anonymous_3)
FN:29,(anonymous_4)
FN:30,(anonymous_5)
FN:34,(anonymous_6)
FN:39,(anonymous_7)
FN:53,(anonymous_8)
FN:53,(anonymous_9)
FN:54,(anonymous_10)
FN:62,(anonymous_11)
FN:69,(anonymous_12)
FN:78,(anonymous_13)
FN:82,(anonymous_14)
FNF:13
FNH:13
FNDA:31,(anonymous_2)
FNDA:13,(anonymous_3)
FNDA:2,(anonymous_4)
FNDA:1,(anonymous_5)
FNDA:11,(anonymous_6)
FNDA:63,(anonymous_7)
FNDA:32,(anonymous_8)
FNDA:8,(anonymous_9)
FNDA:8,(anonymous_10)
FNDA:32,(anonymous_11)
FNDA:8,(anonymous_12)
FNDA:18,(anonymous_13)
FNDA:31,(anonymous_14)
DA:1,1
DA:13,1
DA:14,1
DA:16,1
DA:25,34
DA:26,13
DA:28,13
DA:29,2
DA:30,2
DA:34,11
DA:35,11
DA:39,1
DA:46,63
DA:47,31
DA:53,32
DA:54,8
DA:55,8
DA:59,32
DA:62,32
DA:63,32
DA:69,1
DA:72,16
DA:73,16
DA:78,8
DA:79,18
DA:81,18
DA:82,31
DA:86,18
DA:89,8
LF:29
LH:29
BRDA:28,0,0,2
BRDA:28,0,1,11
BRDA:46,1,0,31
BRDA:46,1,1,32
BRDA:72,2,0,8
BRDA:72,2,1,0
BRDA:73,3,0,8
BRDA:73,3,1,0
BRF:8
BRH:6
end_of_record
TN:
SF:src/provider.tsx
FN:5,(anonymous_0)
FN:12,(anonymous_1)
FN:20,(anonymous_2)
FN:30,(anonymous_3)
FN:34,(anonymous_4)
FN:41,(anonymous_5)
FN:46,(anonymous_6)
FNF:7
FNH:6
FNDA:8,(anonymous_0)
FNDA:4,(anonymous_1)
FNDA:7,(anonymous_2)
FNDA:8,(anonymous_3)
FNDA:17,(anonymous_4)
FNDA:17,(anonymous_5)
FNDA:0,(anonymous_6)
DA:2,2
DA:3,2
DA:5,2
DA:6,8
DA:7,1
DA:10,7
DA:11,3
DA:12,4
DA:14,3
DA:15,3
DA:18,4
DA:19,3
DA:20,7
DA:22,3
DA:24,3
DA:27,1
DA:30,2
DA:34,8
DA:35,17
DA:36,17
DA:38,17
DA:40,17
DA:41,17
DA:42,17
DA:46,0
DA:49,17
DA:52,8
LF:27
LH:26
BRDA:6,0,0,1
BRDA:6,0,1,7
BRDA:10,1,0,3
BRDA:10,1,1,4
BRDA:10,2,0,7
BRDA:10,2,1,3
BRDA:15,3,0,3
BRDA:15,3,1,2
BRDA:18,4,0,3
BRDA:18,4,1,1
BRDA:18,5,0,4
BRDA:18,5,1,3
BRDA:24,6,0,3
BRDA:24,6,1,2
BRDA:38,7,0,18
BRDA:38,7,1,33
BRF:16
BRH:16
end_of_record
TN:
SF:src/utils.ts
FN:1,(anonymous_0)
FNF:1
FNH:1
FNDA:10,(anonymous_0)
DA:1,2
DA:2,10
LF:2
LH:2
BRF:0
BRH:0
end_of_record
TN:
SF:src/test/utils.tsx
FN:3,(anonymous_13)
FN:3,(anonymous_14)
FN:7,(anonymous_16)
FNF:3
FNH:3
FNDA:1,(anonymous_13)
FNDA:1,(anonymous_14)
FNDA:9,(anonymous_16)
DA:1,1
DA:3,1
DA:4,2
DA:7,1
DA:8,9
LF:5
LH:5
BRDA:4,0,0,1
BRF:1
BRH:1
end_of_record
